Analysis & Synthesis report for vga_controller
Thu Nov 19 16:30:17 2015
Quartus II 64-Bit Version 14.0.0 Build 200 06/17/2014 SJ Web Edition


---------------------
; Table of Contents ;
---------------------
  1. Legal Notice
  2. Analysis & Synthesis Summary
  3. Analysis & Synthesis Settings
  4. Parallel Compilation
  5. Analysis & Synthesis Source Files Read
  6. Analysis & Synthesis Resource Usage Summary
  7. Analysis & Synthesis Resource Utilization by Entity
  8. Registers Removed During Synthesis
  9. General Register Statistics
 10. Inverted Register Statistics
 11. Multiplexer Restructuring Statistics (Restructuring Performed)
 12. Parameter Settings for User Entity Instance: Top-level Entity: |vga_controller
 13. Post-Synthesis Netlist Statistics for Top Partition
 14. Elapsed Time Per Partition
 15. Analysis & Synthesis Messages



----------------
; Legal Notice ;
----------------
Copyright (C) 1991-2014 Altera Corporation. All rights reserved.
Your use of Altera Corporation's design tools, logic functions 
and other software and tools, and its AMPP partner logic 
functions, and any output files from any of the foregoing 
(including device programming or simulation files), and any 
associated documentation or information are expressly subject 
to the terms and conditions of the Altera Program License 
Subscription Agreement, the Altera Quartus II License Agreement,
the Altera MegaCore Function License Agreement, or other 
applicable license agreement, including, without limitation, 
that your use is for the sole purpose of programming logic 
devices manufactured by Altera and sold by Altera or its 
authorized distributors.  Please refer to the applicable 
agreement for further details.



+---------------------------------------------------------------------------------+
; Analysis & Synthesis Summary                                                    ;
+------------------------------------+--------------------------------------------+
; Analysis & Synthesis Status        ; Successful - Thu Nov 19 16:30:16 2015      ;
; Quartus II 64-Bit Version          ; 14.0.0 Build 200 06/17/2014 SJ Web Edition ;
; Revision Name                      ; vga_controller                             ;
; Top-level Entity Name              ; vga_controller                             ;
; Family                             ; Cyclone IV E                               ;
; Total logic elements               ; 92                                         ;
;     Total combinational functions  ; 69                                         ;
;     Dedicated logic registers      ; 49                                         ;
; Total registers                    ; 49                                         ;
; Total pins                         ; 71                                         ;
; Total virtual pins                 ; 0                                          ;
; Total memory bits                  ; 0                                          ;
; Embedded Multiplier 9-bit elements ; 0                                          ;
; Total PLLs                         ; 0                                          ;
+------------------------------------+--------------------------------------------+


+----------------------------------------------------------------------------------------------------------------------+
; Analysis & Synthesis Settings                                                                                        ;
+----------------------------------------------------------------------------+--------------------+--------------------+
; Option                                                                     ; Setting            ; Default Value      ;
+----------------------------------------------------------------------------+--------------------+--------------------+
; Device                                                                     ; EP4CE115F29C7      ;                    ;
; Top-level entity name                                                      ; vga_controller     ; vga_controller     ;
; Family name                                                                ; Cyclone IV E       ; Cyclone IV GX      ;
; Use smart compilation                                                      ; Off                ; Off                ;
; Enable parallel Assembler and TimeQuest Timing Analyzer during compilation ; On                 ; On                 ;
; Enable compact report table                                                ; Off                ; Off                ;
; Restructure Multiplexers                                                   ; Auto               ; Auto               ;
; Create Debugging Nodes for IP Cores                                        ; Off                ; Off                ;
; Preserve fewer node names                                                  ; On                 ; On                 ;
; Disable OpenCore Plus hardware evaluation                                  ; Off                ; Off                ;
; Verilog Version                                                            ; Verilog_2001       ; Verilog_2001       ;
; VHDL Version                                                               ; VHDL_1993          ; VHDL_1993          ;
; State Machine Processing                                                   ; Auto               ; Auto               ;
; Safe State Machine                                                         ; Off                ; Off                ;
; Extract Verilog State Machines                                             ; On                 ; On                 ;
; Extract VHDL State Machines                                                ; On                 ; On                 ;
; Ignore Verilog initial constructs                                          ; Off                ; Off                ;
; Iteration limit for constant Verilog loops                                 ; 5000               ; 5000               ;
; Iteration limit for non-constant Verilog loops                             ; 250                ; 250                ;
; Add Pass-Through Logic to Inferred RAMs                                    ; On                 ; On                 ;
; Infer RAMs from Raw Logic                                                  ; On                 ; On                 ;
; Parallel Synthesis                                                         ; On                 ; On                 ;
; DSP Block Balancing                                                        ; Auto               ; Auto               ;
; NOT Gate Push-Back                                                         ; On                 ; On                 ;
; Power-Up Don't Care                                                        ; On                 ; On                 ;
; Remove Redundant Logic Cells                                               ; Off                ; Off                ;
; Remove Duplicate Registers                                                 ; On                 ; On                 ;
; Ignore CARRY Buffers                                                       ; Off                ; Off                ;
; Ignore CASCADE Buffers                                                     ; Off                ; Off                ;
; Ignore GLOBAL Buffers                                                      ; Off                ; Off                ;
; Ignore ROW GLOBAL Buffers                                                  ; Off                ; Off                ;
; Ignore LCELL Buffers                                                       ; Off                ; Off                ;
; Ignore SOFT Buffers                                                        ; On                 ; On                 ;
; Limit AHDL Integers to 32 Bits                                             ; Off                ; Off                ;
; Optimization Technique                                                     ; Balanced           ; Balanced           ;
; Carry Chain Length                                                         ; 70                 ; 70                 ;
; Auto Carry Chains                                                          ; On                 ; On                 ;
; Auto Open-Drain Pins                                                       ; On                 ; On                 ;
; Perform WYSIWYG Primitive Resynthesis                                      ; Off                ; Off                ;
; Auto ROM Replacement                                                       ; On                 ; On                 ;
; Auto RAM Replacement                                                       ; On                 ; On                 ;
; Auto DSP Block Replacement                                                 ; On                 ; On                 ;
; Auto Shift Register Replacement                                            ; Auto               ; Auto               ;
; Allow Shift Register Merging across Hierarchies                            ; Auto               ; Auto               ;
; Auto Clock Enable Replacement                                              ; On                 ; On                 ;
; Strict RAM Replacement                                                     ; Off                ; Off                ;
; Allow Synchronous Control Signals                                          ; On                 ; On                 ;
; Force Use of Synchronous Clear Signals                                     ; Off                ; Off                ;
; Auto RAM Block Balancing                                                   ; On                 ; On                 ;
; Auto RAM to Logic Cell Conversion                                          ; Off                ; Off                ;
; Auto Resource Sharing                                                      ; Off                ; Off                ;
; Allow Any RAM Size For Recognition                                         ; Off                ; Off                ;
; Allow Any ROM Size For Recognition                                         ; Off                ; Off                ;
; Allow Any Shift Register Size For Recognition                              ; Off                ; Off                ;
; Use LogicLock Constraints during Resource Balancing                        ; On                 ; On                 ;
; Ignore translate_off and synthesis_off directives                          ; Off                ; Off                ;
; Timing-Driven Synthesis                                                    ; On                 ; On                 ;
; Report Parameter Settings                                                  ; On                 ; On                 ;
; Report Source Assignments                                                  ; On                 ; On                 ;
; Report Connectivity Checks                                                 ; On                 ; On                 ;
; Ignore Maximum Fan-Out Assignments                                         ; Off                ; Off                ;
; Synchronization Register Chain Length                                      ; 2                  ; 2                  ;
; PowerPlay Power Optimization                                               ; Normal compilation ; Normal compilation ;
; HDL message level                                                          ; Level2             ; Level2             ;
; Suppress Register Optimization Related Messages                            ; Off                ; Off                ;
; Number of Removed Registers Reported in Synthesis Report                   ; 5000               ; 5000               ;
; Number of Swept Nodes Reported in Synthesis Report                         ; 5000               ; 5000               ;
; Number of Inverted Registers Reported in Synthesis Report                  ; 100                ; 100                ;
; Clock MUX Protection                                                       ; On                 ; On                 ;
; Auto Gated Clock Conversion                                                ; Off                ; Off                ;
; Block Design Naming                                                        ; Auto               ; Auto               ;
; SDC constraint protection                                                  ; Off                ; Off                ;
; Synthesis Effort                                                           ; Auto               ; Auto               ;
; Shift Register Replacement - Allow Asynchronous Clear Signal               ; On                 ; On                 ;
; Pre-Mapping Resynthesis Optimization                                       ; Off                ; Off                ;
; Analysis & Synthesis Message Level                                         ; Medium             ; Medium             ;
; Disable Register Merging Across Hierarchies                                ; Auto               ; Auto               ;
; Resource Aware Inference For Block RAM                                     ; On                 ; On                 ;
; Synthesis Seed                                                             ; 1                  ; 1                  ;
+----------------------------------------------------------------------------+--------------------+--------------------+


Parallel compilation was disabled, but you have multiple processors available. Enable parallel compilation to reduce compilation time.
+-------------------------------------+
; Parallel Compilation                ;
+----------------------------+--------+
; Processors                 ; Number ;
+----------------------------+--------+
; Number detected on machine ; 8      ;
; Maximum allowed            ; 1      ;
+----------------------------+--------+


+-------------------------------------------------------------------------------------------------------------------------------+
; Analysis & Synthesis Source Files Read                                                                                        ;
+----------------------------------+-----------------+-----------------+----------------------------------------------+---------+
; File Name with User-Entered Path ; Used in Netlist ; File Type       ; File Name with Absolute Path                 ; Library ;
+----------------------------------+-----------------+-----------------+----------------------------------------------+---------+
; vga_controller.vhd               ; yes             ; User VHDL File  ; M:/ECE 287/vga_controller/vga_controller.vhd ;         ;
+----------------------------------+-----------------+-----------------+----------------------------------------------+---------+


+---------------------------------------------------------------+
; Analysis & Synthesis Resource Usage Summary                   ;
+---------------------------------------------+-----------------+
; Resource                                    ; Usage           ;
+---------------------------------------------+-----------------+
; Estimated Total logic elements              ; 92              ;
;                                             ;                 ;
; Total combinational functions               ; 69              ;
; Logic element usage by number of LUT inputs ;                 ;
;     -- 4 input functions                    ; 27              ;
;     -- 3 input functions                    ; 6               ;
;     -- <=2 input functions                  ; 36              ;
;                                             ;                 ;
; Logic elements by mode                      ;                 ;
;     -- normal mode                          ; 48              ;
;     -- arithmetic mode                      ; 21              ;
;                                             ;                 ;
; Total registers                             ; 49              ;
;     -- Dedicated logic registers            ; 49              ;
;     -- I/O registers                        ; 0               ;
;                                             ;                 ;
; I/O pins                                    ; 71              ;
; Embedded Multiplier 9-bit elements          ; 0               ;
; Maximum fan-out node                        ; pixel_clk~input ;
; Maximum fan-out                             ; 49              ;
; Total fan-out                               ; 463             ;
; Average fan-out                             ; 1.78            ;
+---------------------------------------------+-----------------+


+-----------------------------------------------------------------------------------------------------------------------------------------------------------------------------+
; Analysis & Synthesis Resource Utilization by Entity                                                                                                                         ;
+----------------------------+-------------------+--------------+-------------+--------------+---------+-----------+------+--------------+---------------------+--------------+
; Compilation Hierarchy Node ; LC Combinationals ; LC Registers ; Memory Bits ; DSP Elements ; DSP 9x9 ; DSP 18x18 ; Pins ; Virtual Pins ; Full Hierarchy Name ; Library Name ;
+----------------------------+-------------------+--------------+-------------+--------------+---------+-----------+------+--------------+---------------------+--------------+
; |vga_controller            ; 69 (69)           ; 49 (49)      ; 0           ; 0            ; 0       ; 0         ; 71   ; 0            ; |vga_controller     ; work         ;
+----------------------------+-------------------+--------------+-------------+--------------+---------+-----------+------+--------------+---------------------+--------------+
Note: For table entries with two numbers listed, the numbers in parentheses indicate the number of resources of the given type used by the specific entity alone. The numbers listed outside of parentheses indicate the total resources of the given type used by the specific entity and all of its sub-entities in the hierarchy.


+---------------------------------------------------------------------------------+
; Registers Removed During Synthesis                                              ;
+----------------------------------------+----------------------------------------+
; Register name                          ; Reason for Removal                     ;
+----------------------------------------+----------------------------------------+
; column[30]~reg0                        ; Stuck at GND due to stuck port data_in ;
; column[29]~reg0                        ; Stuck at GND due to stuck port data_in ;
; column[28]~reg0                        ; Stuck at GND due to stuck port data_in ;
; column[27]~reg0                        ; Stuck at GND due to stuck port data_in ;
; column[26]~reg0                        ; Stuck at GND due to stuck port data_in ;
; column[25]~reg0                        ; Stuck at GND due to stuck port data_in ;
; column[24]~reg0                        ; Stuck at GND due to stuck port data_in ;
; column[23]~reg0                        ; Stuck at GND due to stuck port data_in ;
; column[22]~reg0                        ; Stuck at GND due to stuck port data_in ;
; column[21]~reg0                        ; Stuck at GND due to stuck port data_in ;
; column[20]~reg0                        ; Stuck at GND due to stuck port data_in ;
; column[19]~reg0                        ; Stuck at GND due to stuck port data_in ;
; column[18]~reg0                        ; Stuck at GND due to stuck port data_in ;
; column[17]~reg0                        ; Stuck at GND due to stuck port data_in ;
; column[16]~reg0                        ; Stuck at GND due to stuck port data_in ;
; column[15]~reg0                        ; Stuck at GND due to stuck port data_in ;
; column[14]~reg0                        ; Stuck at GND due to stuck port data_in ;
; column[13]~reg0                        ; Stuck at GND due to stuck port data_in ;
; column[12]~reg0                        ; Stuck at GND due to stuck port data_in ;
; row[30]~reg0                           ; Stuck at GND due to stuck port data_in ;
; row[29]~reg0                           ; Stuck at GND due to stuck port data_in ;
; row[28]~reg0                           ; Stuck at GND due to stuck port data_in ;
; row[27]~reg0                           ; Stuck at GND due to stuck port data_in ;
; row[26]~reg0                           ; Stuck at GND due to stuck port data_in ;
; row[25]~reg0                           ; Stuck at GND due to stuck port data_in ;
; row[24]~reg0                           ; Stuck at GND due to stuck port data_in ;
; row[23]~reg0                           ; Stuck at GND due to stuck port data_in ;
; row[22]~reg0                           ; Stuck at GND due to stuck port data_in ;
; row[21]~reg0                           ; Stuck at GND due to stuck port data_in ;
; row[20]~reg0                           ; Stuck at GND due to stuck port data_in ;
; row[19]~reg0                           ; Stuck at GND due to stuck port data_in ;
; row[18]~reg0                           ; Stuck at GND due to stuck port data_in ;
; row[17]~reg0                           ; Stuck at GND due to stuck port data_in ;
; row[16]~reg0                           ; Stuck at GND due to stuck port data_in ;
; row[15]~reg0                           ; Stuck at GND due to stuck port data_in ;
; row[14]~reg0                           ; Stuck at GND due to stuck port data_in ;
; row[13]~reg0                           ; Stuck at GND due to stuck port data_in ;
; row[12]~reg0                           ; Stuck at GND due to stuck port data_in ;
; row[11]~reg0                           ; Stuck at GND due to stuck port data_in ;
; column[31]~reg0                        ; Stuck at GND due to stuck port data_in ;
; row[31]~reg0                           ; Stuck at GND due to stuck port data_in ;
; Total Number of Removed Registers = 41 ;                                        ;
+----------------------------------------+----------------------------------------+


+------------------------------------------------------+
; General Register Statistics                          ;
+----------------------------------------------+-------+
; Statistic                                    ; Value ;
+----------------------------------------------+-------+
; Total registers                              ; 49    ;
; Number of registers using Synchronous Clear  ; 0     ;
; Number of registers using Synchronous Load   ; 0     ;
; Number of registers using Asynchronous Clear ; 49    ;
; Number of registers using Asynchronous Load  ; 0     ;
; Number of registers using Clock Enable       ; 23    ;
; Number of registers using Preset             ; 0     ;
+----------------------------------------------+-------+


+--------------------------------------------------+
; Inverted Register Statistics                     ;
+----------------------------------------+---------+
; Inverted Register                      ; Fan out ;
+----------------------------------------+---------+
; h_sync~reg0                            ; 1       ;
; Total number of inverted registers = 1 ;         ;
+----------------------------------------+---------+


+------------------------------------------------------------------------------------------------------------------------------------------+
; Multiplexer Restructuring Statistics (Restructuring Performed)                                                                           ;
+--------------------+-----------+---------------+----------------------+------------------------+------------+----------------------------+
; Multiplexer Inputs ; Bus Width ; Baseline Area ; Area if Restructured ; Saving if Restructured ; Registered ; Example Multiplexer Output ;
+--------------------+-----------+---------------+----------------------+------------------------+------------+----------------------------+
; 3:1                ; 11 bits   ; 22 LEs        ; 22 LEs               ; 0 LEs                  ; No         ; |vga_controller|v_count    ;
+--------------------+-----------+---------------+----------------------+------------------------+------------+----------------------------+


+--------------------------------------------------------------------------------+
; Parameter Settings for User Entity Instance: Top-level Entity: |vga_controller ;
+----------------+-------+-------------------------------------------------------+
; Parameter Name ; Value ; Type                                                  ;
+----------------+-------+-------------------------------------------------------+
; h_pulse        ; 208   ; Signed Integer                                        ;
; h_bp           ; 336   ; Signed Integer                                        ;
; h_pixels       ; 1920  ; Signed Integer                                        ;
; h_fp           ; 128   ; Signed Integer                                        ;
; h_pol          ; '0'   ; Enumerated                                            ;
; v_pulse        ; 3     ; Signed Integer                                        ;
; v_bp           ; 38    ; Signed Integer                                        ;
; v_pixels       ; 1200  ; Signed Integer                                        ;
; v_fp           ; 1     ; Signed Integer                                        ;
; v_pol          ; '1'   ; Enumerated                                            ;
+----------------+-------+-------------------------------------------------------+
Note: In order to hide this table in the UI and the text report file, please set the "Show Parameter Settings in Synthesis Report" option in "Analysis and Synthesis Settings -> More Settings" to "Off".


+-----------------------------------------------------+
; Post-Synthesis Netlist Statistics for Top Partition ;
+-----------------------+-----------------------------+
; Type                  ; Count                       ;
+-----------------------+-----------------------------+
; boundary_port         ; 71                          ;
; cycloneiii_ff         ; 49                          ;
;     CLR               ; 26                          ;
;     ENA CLR           ; 23                          ;
; cycloneiii_lcell_comb ; 72                          ;
;     arith             ; 21                          ;
;         2 data inputs ; 21                          ;
;     normal            ; 51                          ;
;         0 data inputs ; 2                           ;
;         1 data inputs ; 3                           ;
;         2 data inputs ; 13                          ;
;         3 data inputs ; 6                           ;
;         4 data inputs ; 27                          ;
;                       ;                             ;
; Max LUT depth         ; 7.00                        ;
; Average LUT depth     ; 4.30                        ;
+-----------------------+-----------------------------+


+-------------------------------+
; Elapsed Time Per Partition    ;
+----------------+--------------+
; Partition Name ; Elapsed Time ;
+----------------+--------------+
; Top            ; 00:00:00     ;
+----------------+--------------+


+-------------------------------+
; Analysis & Synthesis Messages ;
+-------------------------------+
Info: *******************************************************************
Info: Running Quartus II 64-Bit Analysis & Synthesis
    Info: Version 14.0.0 Build 200 06/17/2014 SJ Web Edition
    Info: Processing started: Thu Nov 19 16:30:12 2015
Info: Command: quartus_map --read_settings_files=on --write_settings_files=off vga_controller -c vga_controller
Warning (20028): Parallel compilation is not licensed and has been disabled
Info (12021): Found 2 design units, including 1 entities, in source file vga_controller.vhd
    Info (12022): Found design unit 1: vga_controller-behavior
    Info (12023): Found entity 1: vga_controller
Info (12127): Elaborating entity "vga_controller" for the top level hierarchy
Info (13000): Registers with preset signals will power-up high
Info (13003): DEV_CLRn pin will set, and not reset, register with preset signal due to NOT Gate Push-Back
Warning (13024): Output pins are stuck at VCC or GND
    Warning (13410): Pin "column[12]" is stuck at GND
    Warning (13410): Pin "column[13]" is stuck at GND
    Warning (13410): Pin "column[14]" is stuck at GND
    Warning (13410): Pin "column[15]" is stuck at GND
    Warning (13410): Pin "column[16]" is stuck at GND
    Warning (13410): Pin "column[17]" is stuck at GND
    Warning (13410): Pin "column[18]" is stuck at GND
    Warning (13410): Pin "column[19]" is stuck at GND
    Warning (13410): Pin "column[20]" is stuck at GND
    Warning (13410): Pin "column[21]" is stuck at GND
    Warning (13410): Pin "column[22]" is stuck at GND
    Warning (13410): Pin "column[23]" is stuck at GND
    Warning (13410): Pin "column[24]" is stuck at GND
    Warning (13410): Pin "column[25]" is stuck at GND
    Warning (13410): Pin "column[26]" is stuck at GND
    Warning (13410): Pin "column[27]" is stuck at GND
    Warning (13410): Pin "column[28]" is stuck at GND
    Warning (13410): Pin "column[29]" is stuck at GND
    Warning (13410): Pin "column[30]" is stuck at GND
    Warning (13410): Pin "row[11]" is stuck at GND
    Warning (13410): Pin "row[12]" is stuck at GND
    Warning (13410): Pin "row[13]" is stuck at GND
    Warning (13410): Pin "row[14]" is stuck at GND
    Warning (13410): Pin "row[15]" is stuck at GND
    Warning (13410): Pin "row[16]" is stuck at GND
    Warning (13410): Pin "row[17]" is stuck at GND
    Warning (13410): Pin "row[18]" is stuck at GND
    Warning (13410): Pin "row[19]" is stuck at GND
    Warning (13410): Pin "row[20]" is stuck at GND
    Warning (13410): Pin "row[21]" is stuck at GND
    Warning (13410): Pin "row[22]" is stuck at GND
    Warning (13410): Pin "row[23]" is stuck at GND
    Warning (13410): Pin "row[24]" is stuck at GND
    Warning (13410): Pin "row[25]" is stuck at GND
    Warning (13410): Pin "row[26]" is stuck at GND
    Warning (13410): Pin "row[27]" is stuck at GND
    Warning (13410): Pin "row[28]" is stuck at GND
    Warning (13410): Pin "row[29]" is stuck at GND
    Warning (13410): Pin "row[30]" is stuck at GND
    Warning (13410): Pin "n_blank" is stuck at VCC
    Warning (13410): Pin "n_sync" is stuck at GND
Info (286030): Timing-Driven Synthesis is running
Critical Warning (18061): Ignored Power-Up Level option on the following registers
    Critical Warning (18010): Register column[0]~reg0 will power up to Low
    Critical Warning (18010): Register column[31]~reg0 will power up to Low
    Critical Warning (18010): Register row[0]~reg0 will power up to Low
    Critical Warning (18010): Register row[31]~reg0 will power up to Low
Info (16010): Generating hard_block partition "hard_block:auto_generated_inst"
    Info (16011): Adding 0 node(s), including 0 DDIO, 0 PLL, 0 transceiver and 0 LCELL
Info (21057): Implemented 186 device resources after synthesis - the final resource count might be different
    Info (21058): Implemented 2 input pins
    Info (21059): Implemented 69 output pins
    Info (21061): Implemented 115 logic cells
Info: Quartus II 64-Bit Analysis & Synthesis was successful. 0 errors, 48 warnings
    Info: Peak virtual memory: 594 megabytes
    Info: Processing ended: Thu Nov 19 16:30:17 2015
    Info: Elapsed time: 00:00:05
    Info: Total CPU time (on all processors): 00:00:02


